{"/home/ubuntu/Projects/Health_Care_Management_System/Project-Stages/Project-Stage-2-Automated-CI-CD-Pipeline/src-code/backend/src/controllers/appointmentController.ts": {"path":"/home/ubuntu/Projects/Health_Care_Management_System/Project-Stages/Project-Stage-2-Automated-CI-CD-Pipeline/src-code/backend/src/controllers/appointmentController.ts","statementMap":{"0":{"start":{"line":2,"column":0},"end":{"line":2,"column":46}},"1":{"start":{"line":5,"column":15},"end":{"line":5,"column":33}},"2":{"start":{"line":8,"column":31},"end":{"line":61,"column":1}},"3":{"start":{"line":9,"column":2},"end":{"line":60,"column":3}},"4":{"start":{"line":10,"column":19},"end":{"line":10,"column":35}},"5":{"start":{"line":11,"column":45},"end":{"line":11,"column":54}},"6":{"start":{"line":13,"column":17},"end":{"line":13,"column":51}},"7":{"start":{"line":15,"column":23},"end":{"line":17,"column":6}},"8":{"start":{"line":19,"column":4},"end":{"line":21,"column":5}},"9":{"start":{"line":20,"column":6},"end":{"line":20,"column":28}},"10":{"start":{"line":23,"column":34},"end":{"line":40,"column":6}},"11":{"start":{"line":42,"column":4},"end":{"line":53,"column":7}},"12":{"start":{"line":55,"column":4},"end":{"line":55,"column":57}},"13":{"start":{"line":56,"column":4},"end":{"line":59,"column":7}},"14":{"start":{"line":8,"column":13},"end":{"line":8,"column":31}},"15":{"start":{"line":64,"column":33},"end":{"line":139,"column":1}},"16":{"start":{"line":65,"column":2},"end":{"line":138,"column":3}},"17":{"start":{"line":66,"column":19},"end":{"line":66,"column":35}},"18":{"start":{"line":67,"column":48},"end":{"line":67,"column":56}},"19":{"start":{"line":70,"column":4},"end":{"line":75,"column":5}},"20":{"start":{"line":71,"column":6},"end":{"line":74,"column":9}},"21":{"start":{"line":78,"column":19},"end":{"line":80,"column":6}},"22":{"start":{"line":82,"column":4},"end":{"line":87,"column":5}},"23":{"start":{"line":83,"column":6},"end":{"line":86,"column":9}},"24":{"start":{"line":90,"column":28},"end":{"line":90,"column":46}},"25":{"start":{"line":91,"column":32},"end":{"line":99,"column":6}},"26":{"start":{"line":101,"column":4},"end":{"line":106,"column":5}},"27":{"start":{"line":102,"column":6},"end":{"line":105,"column":9}},"28":{"start":{"line":109,"column":24},"end":{"line":125,"column":6}},"29":{"start":{"line":127,"column":4},"end":{"line":131,"column":7}},"30":{"start":{"line":133,"column":4},"end":{"line":133,"column":56}},"31":{"start":{"line":134,"column":4},"end":{"line":137,"column":7}},"32":{"start":{"line":64,"column":13},"end":{"line":64,"column":33}},"33":{"start":{"line":142,"column":33},"end":{"line":216,"column":1}},"34":{"start":{"line":143,"column":2},"end":{"line":215,"column":3}},"35":{"start":{"line":144,"column":19},"end":{"line":144,"column":35}},"36":{"start":{"line":145,"column":19},"end":{"line":145,"column":29}},"37":{"start":{"line":146,"column":46},"end":{"line":146,"column":54}},"38":{"start":{"line":149,"column":32},"end":{"line":154,"column":6}},"39":{"start":{"line":156,"column":4},"end":{"line":161,"column":5}},"40":{"start":{"line":157,"column":6},"end":{"line":160,"column":9}},"41":{"start":{"line":164,"column":4},"end":{"line":185,"column":5}},"42":{"start":{"line":165,"column":30},"end":{"line":165,"column":48}},"43":{"start":{"line":166,"column":37},"end":{"line":177,"column":8}},"44":{"start":{"line":179,"column":6},"end":{"line":184,"column":7}},"45":{"start":{"line":180,"column":8},"end":{"line":183,"column":11}},"46":{"start":{"line":187,"column":31},"end":{"line":202,"column":6}},"47":{"start":{"line":204,"column":4},"end":{"line":208,"column":7}},"48":{"start":{"line":210,"column":4},"end":{"line":210,"column":56}},"49":{"start":{"line":211,"column":4},"end":{"line":214,"column":7}},"50":{"start":{"line":142,"column":13},"end":{"line":142,"column":33}},"51":{"start":{"line":219,"column":33},"end":{"line":272,"column":1}},"52":{"start":{"line":220,"column":2},"end":{"line":271,"column":3}},"53":{"start":{"line":221,"column":19},"end":{"line":221,"column":35}},"54":{"start":{"line":222,"column":19},"end":{"line":222,"column":29}},"55":{"start":{"line":225,"column":32},"end":{"line":230,"column":6}},"56":{"start":{"line":232,"column":4},"end":{"line":237,"column":5}},"57":{"start":{"line":233,"column":6},"end":{"line":236,"column":9}},"58":{"start":{"line":239,"column":4},"end":{"line":244,"column":5}},"59":{"start":{"line":240,"column":6},"end":{"line":243,"column":9}},"60":{"start":{"line":246,"column":33},"end":{"line":258,"column":6}},"61":{"start":{"line":260,"column":4},"end":{"line":264,"column":7}},"62":{"start":{"line":266,"column":4},"end":{"line":266,"column":58}},"63":{"start":{"line":267,"column":4},"end":{"line":270,"column":7}},"64":{"start":{"line":219,"column":13},"end":{"line":219,"column":33}},"65":{"start":{"line":275,"column":37},"end":{"line":350,"column":1}},"66":{"start":{"line":276,"column":2},"end":{"line":349,"column":3}},"67":{"start":{"line":277,"column":31},"end":{"line":277,"column":41}},"68":{"start":{"line":279,"column":4},"end":{"line":284,"column":5}},"69":{"start":{"line":280,"column":6},"end":{"line":283,"column":9}},"70":{"start":{"line":287,"column":19},"end":{"line":289,"column":6}},"71":{"start":{"line":291,"column":4},"end":{"line":296,"column":5}},"72":{"start":{"line":292,"column":6},"end":{"line":295,"column":9}},"73":{"start":{"line":299,"column":22},"end":{"line":302,"column":6}},"74":{"start":{"line":304,"column":26},"end":{"line":304,"column":40}},"75":{"start":{"line":305,"column":23},"end":{"line":305,"column":46}},"76":{"start":{"line":306,"column":4},"end":{"line":306,"column":36}},"77":{"start":{"line":307,"column":21},"end":{"line":307,"column":44}},"78":{"start":{"line":308,"column":4},"end":{"line":308,"column":39}},"79":{"start":{"line":311,"column":33},"end":{"line":322,"column":6}},"80":{"start":{"line":325,"column":24},"end":{"line":329,"column":null}},"81":{"start":{"line":327,"column":21},"end":{"line":327,"column":60}},"82":{"start":{"line":328,"column":8},"end":{"line":328,"column":20}},"83":{"start":{"line":333,"column":27},"end":{"line":337,"column":7}},"84":{"start":{"line":333,"column":50},"end":{"line":337,"column":6}},"85":{"start":{"line":339,"column":4},"end":{"line":342,"column":7}},"86":{"start":{"line":344,"column":4},"end":{"line":344,"column":65}},"87":{"start":{"line":345,"column":4},"end":{"line":348,"column":7}},"88":{"start":{"line":275,"column":13},"end":{"line":275,"column":37}}},"fnMap":{"0":{"name":"(anonymous_0)","decl":{"start":{"line":8,"column":31},"end":{"line":8,"column":36}},"loc":{"start":{"line":8,"column":73},"end":{"line":61,"column":1}}},"1":{"name":"(anonymous_1)","decl":{"start":{"line":64,"column":33},"end":{"line":64,"column":38}},"loc":{"start":{"line":64,"column":75},"end":{"line":139,"column":1}}},"2":{"name":"(anonymous_2)","decl":{"start":{"line":142,"column":33},"end":{"line":142,"column":38}},"loc":{"start":{"line":142,"column":75},"end":{"line":216,"column":1}}},"3":{"name":"(anonymous_3)","decl":{"start":{"line":219,"column":33},"end":{"line":219,"column":38}},"loc":{"start":{"line":219,"column":75},"end":{"line":272,"column":1}}},"4":{"name":"(anonymous_4)","decl":{"start":{"line":275,"column":37},"end":{"line":275,"column":42}},"loc":{"start":{"line":275,"column":75},"end":{"line":350,"column":1}}},"5":{"name":"(anonymous_5)","decl":{"start":{"line":326,"column":31},"end":{"line":326,"column":34}},"loc":{"start":{"line":326,"column":37},"end":{"line":329,"column":7}}},"6":{"name":"(anonymous_6)","decl":{"start":{"line":333,"column":41},"end":{"line":333,"column":45}},"loc":{"start":{"line":333,"column":50},"end":{"line":337,"column":6}}}},"branchMap":{"0":{"loc":{"start":{"line":11,"column":20},"end":{"line":11,"column":28}},"type":"default-arg","locations":[{"start":{"line":11,"column":27},"end":{"line":11,"column":28}}]},"1":{"loc":{"start":{"line":11,"column":30},"end":{"line":11,"column":40}},"type":"default-arg","locations":[{"start":{"line":11,"column":38},"end":{"line":11,"column":40}}]},"2":{"loc":{"start":{"line":19,"column":4},"end":{"line":21,"column":5}},"type":"if","locations":[{"start":{"line":19,"column":4},"end":{"line":21,"column":5}}]},"3":{"loc":{"start":{"line":19,"column":8},"end":{"line":19,"column":34}},"type":"binary-expr","locations":[{"start":{"line":19,"column":8},"end":{"line":19,"column":14}},{"start":{"line":19,"column":18},"end":{"line":19,"column":34}}]},"4":{"loc":{"start":{"line":70,"column":4},"end":{"line":75,"column":5}},"type":"if","locations":[{"start":{"line":70,"column":4},"end":{"line":75,"column":5}}]},"5":{"loc":{"start":{"line":70,"column":8},"end":{"line":70,"column":30}},"type":"binary-expr","locations":[{"start":{"line":70,"column":8},"end":{"line":70,"column":17}},{"start":{"line":70,"column":21},"end":{"line":70,"column":30}}]},"6":{"loc":{"start":{"line":82,"column":4},"end":{"line":87,"column":5}},"type":"if","locations":[{"start":{"line":82,"column":4},"end":{"line":87,"column":5}}]},"7":{"loc":{"start":{"line":101,"column":4},"end":{"line":106,"column":5}},"type":"if","locations":[{"start":{"line":101,"column":4},"end":{"line":106,"column":5}}]},"8":{"loc":{"start":{"line":114,"column":14},"end":{"line":114,"column":33}},"type":"binary-expr","locations":[{"start":{"line":114,"column":14},"end":{"line":114,"column":18}},{"start":{"line":114,"column":22},"end":{"line":114,"column":33}}]},"9":{"loc":{"start":{"line":156,"column":4},"end":{"line":161,"column":5}},"type":"if","locations":[{"start":{"line":156,"column":4},"end":{"line":161,"column":5}}]},"10":{"loc":{"start":{"line":164,"column":4},"end":{"line":185,"column":5}},"type":"if","locations":[{"start":{"line":164,"column":4},"end":{"line":185,"column":5}}]},"11":{"loc":{"start":{"line":179,"column":6},"end":{"line":184,"column":7}},"type":"if","locations":[{"start":{"line":179,"column":6},"end":{"line":184,"column":7}}]},"12":{"loc":{"start":{"line":190,"column":12},"end":{"line":190,"column":56}},"type":"binary-expr","locations":[{"start":{"line":190,"column":12},"end":{"line":190,"column":20}},{"start":{"line":190,"column":24},"end":{"line":190,"column":56}}]},"13":{"loc":{"start":{"line":191,"column":12},"end":{"line":191,"column":28}},"type":"binary-expr","locations":[{"start":{"line":191,"column":12},"end":{"line":191,"column":16}},{"start":{"line":191,"column":20},"end":{"line":191,"column":28}}]},"14":{"loc":{"start":{"line":192,"column":12},"end":{"line":192,"column":44}},"type":"binary-expr","locations":[{"start":{"line":192,"column":12},"end":{"line":192,"column":31}},{"start":{"line":192,"column":35},"end":{"line":192,"column":44}}]},"15":{"loc":{"start":{"line":193,"column":12},"end":{"line":193,"column":32}},"type":"binary-expr","locations":[{"start":{"line":193,"column":12},"end":{"line":193,"column":18}},{"start":{"line":193,"column":22},"end":{"line":193,"column":32}}]},"16":{"loc":{"start":{"line":232,"column":4},"end":{"line":237,"column":5}},"type":"if","locations":[{"start":{"line":232,"column":4},"end":{"line":237,"column":5}}]},"17":{"loc":{"start":{"line":239,"column":4},"end":{"line":244,"column":5}},"type":"if","locations":[{"start":{"line":239,"column":4},"end":{"line":244,"column":5}}]},"18":{"loc":{"start":{"line":279,"column":4},"end":{"line":284,"column":5}},"type":"if","locations":[{"start":{"line":279,"column":4},"end":{"line":284,"column":5}}]},"19":{"loc":{"start":{"line":279,"column":8},"end":{"line":279,"column":26}},"type":"binary-expr","locations":[{"start":{"line":279,"column":8},"end":{"line":279,"column":17}},{"start":{"line":279,"column":21},"end":{"line":279,"column":26}}]},"20":{"loc":{"start":{"line":291,"column":4},"end":{"line":296,"column":5}},"type":"if","locations":[{"start":{"line":291,"column":4},"end":{"line":296,"column":5}}]}},"s":{"0":0,"1":0,"2":0,"3":0,"4":0,"5":0,"6":0,"7":0,"8":0,"9":0,"10":0,"11":0,"12":0,"13":0,"14":0,"15":0,"16":0,"17":0,"18":0,"19":0,"20":0,"21":0,"22":0,"23":0,"24":0,"25":0,"26":0,"27":0,"28":0,"29":0,"30":0,"31":0,"32":0,"33":0,"34":0,"35":0,"36":0,"37":0,"38":0,"39":0,"40":0,"41":0,"42":0,"43":0,"44":0,"45":0,"46":0,"47":0,"48":0,"49":0,"50":0,"51":0,"52":0,"53":0,"54":0,"55":0,"56":0,"57":0,"58":0,"59":0,"60":0,"61":0,"62":0,"63":0,"64":0,"65":0,"66":0,"67":0,"68":0,"69":0,"70":0,"71":0,"72":0,"73":0,"74":0,"75":0,"76":0,"77":0,"78":0,"79":0,"80":0,"81":0,"82":0,"83":0,"84":0,"85":0,"86":0,"87":0,"88":0},"f":{"0":0,"1":0,"2":0,"3":0,"4":0,"5":0,"6":0},"b":{"0":[0],"1":[0],"2":[0],"3":[0,0],"4":[0],"5":[0,0],"6":[0],"7":[0],"8":[0,0],"9":[0],"10":[0],"11":[0],"12":[0,0],"13":[0,0],"14":[0,0],"15":[0,0],"16":[0],"17":[0],"18":[0],"19":[0,0],"20":[0]}}
,"/home/ubuntu/Projects/Health_Care_Management_System/Project-Stages/Project-Stage-2-Automated-CI-CD-Pipeline/src-code/backend/src/controllers/authController.ts": {"path":"/home/ubuntu/Projects/Health_Care_Management_System/Project-Stages/Project-Stage-2-Automated-CI-CD-Pipeline/src-code/backend/src/controllers/authController.ts","statementMap":{"0":{"start":{"line":2,"column":0},"end":{"line":2,"column":46}},"1":{"start":{"line":3,"column":0},"end":{"line":3,"column":71}},"2":{"start":{"line":4,"column":0},"end":{"line":4,"column":57}},"3":{"start":{"line":7,"column":15},"end":{"line":7,"column":33}},"4":{"start":{"line":9,"column":13},"end":{"line":188,"column":2}},"5":{"start":{"line":12,"column":4},"end":{"line":79,"column":5}},"6":{"start":{"line":13,"column":65},"end":{"line":13,"column":73}},"7":{"start":{"line":16,"column":27},"end":{"line":23,"column":8}},"8":{"start":{"line":25,"column":6},"end":{"line":32,"column":7}},"9":{"start":{"line":26,"column":8},"end":{"line":31,"column":11}},"10":{"start":{"line":35,"column":29},"end":{"line":35,"column":57}},"11":{"start":{"line":38,"column":19},"end":{"line":55,"column":8}},"12":{"start":{"line":58,"column":20},"end":{"line":63,"column":8}},"13":{"start":{"line":65,"column":6},"end":{"line":72,"column":9}},"14":{"start":{"line":74,"column":6},"end":{"line":74,"column":50}},"15":{"start":{"line":75,"column":6},"end":{"line":78,"column":9}},"16":{"start":{"line":84,"column":4},"end":{"line":138,"column":5}},"17":{"start":{"line":85,"column":37},"end":{"line":85,"column":45}},"18":{"start":{"line":88,"column":19},"end":{"line":90,"column":8}},"19":{"start":{"line":92,"column":6},"end":{"line":97,"column":7}},"20":{"start":{"line":93,"column":8},"end":{"line":96,"column":11}},"21":{"start":{"line":100,"column":30},"end":{"line":100,"column":76}},"22":{"start":{"line":102,"column":6},"end":{"line":107,"column":7}},"23":{"start":{"line":103,"column":8},"end":{"line":106,"column":11}},"24":{"start":{"line":110,"column":20},"end":{"line":115,"column":8}},"25":{"start":{"line":117,"column":6},"end":{"line":131,"column":9}},"26":{"start":{"line":133,"column":6},"end":{"line":133,"column":43}},"27":{"start":{"line":134,"column":6},"end":{"line":137,"column":9}},"28":{"start":{"line":143,"column":4},"end":{"line":176,"column":5}},"29":{"start":{"line":144,"column":21},"end":{"line":144,"column":37}},"30":{"start":{"line":146,"column":19},"end":{"line":157,"column":8}},"31":{"start":{"line":159,"column":6},"end":{"line":164,"column":7}},"32":{"start":{"line":160,"column":8},"end":{"line":163,"column":11}},"33":{"start":{"line":166,"column":6},"end":{"line":169,"column":9}},"34":{"start":{"line":171,"column":6},"end":{"line":171,"column":45}},"35":{"start":{"line":172,"column":6},"end":{"line":175,"column":9}},"36":{"start":{"line":183,"column":4},"end":{"line":186,"column":7}}},"fnMap":{"0":{"name":"(anonymous_0)","decl":{"start":{"line":11,"column":2},"end":{"line":11,"column":7}},"loc":{"start":{"line":11,"column":44},"end":{"line":80,"column":3}}},"1":{"name":"(anonymous_1)","decl":{"start":{"line":83,"column":2},"end":{"line":83,"column":7}},"loc":{"start":{"line":83,"column":41},"end":{"line":139,"column":3}}},"2":{"name":"(anonymous_2)","decl":{"start":{"line":142,"column":2},"end":{"line":142,"column":7}},"loc":{"start":{"line":142,"column":50},"end":{"line":177,"column":3}}},"3":{"name":"(anonymous_3)","decl":{"start":{"line":180,"column":2},"end":{"line":180,"column":7}},"loc":{"start":{"line":180,"column":42},"end":{"line":187,"column":3}}}},"branchMap":{"0":{"loc":{"start":{"line":25,"column":6},"end":{"line":32,"column":7}},"type":"if","locations":[{"start":{"line":25,"column":6},"end":{"line":32,"column":7}}]},"1":{"loc":{"start":{"line":28,"column":19},"end":{"line":30,"column":36}},"type":"cond-expr","locations":[{"start":{"line":29,"column":14},"end":{"line":29,"column":39}},{"start":{"line":30,"column":14},"end":{"line":30,"column":36}}]},"2":{"loc":{"start":{"line":92,"column":6},"end":{"line":97,"column":7}},"type":"if","locations":[{"start":{"line":92,"column":6},"end":{"line":97,"column":7}}]},"3":{"loc":{"start":{"line":92,"column":10},"end":{"line":92,"column":33}},"type":"binary-expr","locations":[{"start":{"line":92,"column":10},"end":{"line":92,"column":15}},{"start":{"line":92,"column":19},"end":{"line":92,"column":33}}]},"4":{"loc":{"start":{"line":102,"column":6},"end":{"line":107,"column":7}},"type":"if","locations":[{"start":{"line":102,"column":6},"end":{"line":107,"column":7}}]},"5":{"loc":{"start":{"line":159,"column":6},"end":{"line":164,"column":7}},"type":"if","locations":[{"start":{"line":159,"column":6},"end":{"line":164,"column":7}}]}},"s":{"0":0,"1":0,"2":0,"3":0,"4":0,"5":0,"6":0,"7":0,"8":0,"9":0,"10":0,"11":0,"12":0,"13":0,"14":0,"15":0,"16":0,"17":0,"18":0,"19":0,"20":0,"21":0,"22":0,"23":0,"24":0,"25":0,"26":0,"27":0,"28":0,"29":0,"30":0,"31":0,"32":0,"33":0,"34":0,"35":0,"36":0},"f":{"0":0,"1":0,"2":0,"3":0},"b":{"0":[0],"1":[0,0],"2":[0],"3":[0,0],"4":[0],"5":[0]}}
,"/home/ubuntu/Projects/Health_Care_Management_System/Project-Stages/Project-Stage-2-Automated-CI-CD-Pipeline/src-code/backend/src/controllers/doctorController.ts": {"path":"/home/ubuntu/Projects/Health_Care_Management_System/Project-Stages/Project-Stage-2-Automated-CI-CD-Pipeline/src-code/backend/src/controllers/doctorController.ts","statementMap":{"0":{"start":{"line":2,"column":0},"end":{"line":2,"column":46}},"1":{"start":{"line":4,"column":15},"end":{"line":4,"column":33}},"2":{"start":{"line":6,"column":13},"end":{"line":220,"column":2}},"3":{"start":{"line":9,"column":4},"end":{"line":67,"column":5}},"4":{"start":{"line":10,"column":59},"end":{"line":10,"column":68}},"5":{"start":{"line":12,"column":19},"end":{"line":12,"column":53}},"6":{"start":{"line":14,"column":25},"end":{"line":14,"column":27}},"7":{"start":{"line":17,"column":6},"end":{"line":21,"column":7}},"8":{"start":{"line":18,"column":8},"end":{"line":20,"column":10}},"9":{"start":{"line":24,"column":6},"end":{"line":30,"column":7}},"10":{"start":{"line":25,"column":8},"end":{"line":29,"column":10}},"11":{"start":{"line":32,"column":31},"end":{"line":45,"column":8}},"12":{"start":{"line":47,"column":6},"end":{"line":59,"column":9}},"13":{"start":{"line":61,"column":6},"end":{"line":61,"column":54}},"14":{"start":{"line":62,"column":6},"end":{"line":66,"column":9}},"15":{"start":{"line":72,"column":4},"end":{"line":101,"column":5}},"16":{"start":{"line":73,"column":21},"end":{"line":73,"column":31}},"17":{"start":{"line":75,"column":21},"end":{"line":80,"column":8}},"18":{"start":{"line":82,"column":6},"end":{"line":87,"column":7}},"19":{"start":{"line":83,"column":8},"end":{"line":86,"column":11}},"20":{"start":{"line":89,"column":6},"end":{"line":93,"column":9}},"21":{"start":{"line":95,"column":6},"end":{"line":95,"column":53}},"22":{"start":{"line":96,"column":6},"end":{"line":100,"column":9}},"23":{"start":{"line":106,"column":4},"end":{"line":139,"column":5}},"24":{"start":{"line":107,"column":26},"end":{"line":116,"column":8}},"25":{"start":{"line":118,"column":35},"end":{"line":125,"column":9}},"26":{"start":{"line":118,"column":60},"end":{"line":125,"column":8}},"27":{"start":{"line":127,"column":6},"end":{"line":131,"column":9}},"28":{"start":{"line":133,"column":6},"end":{"line":133,"column":58}},"29":{"start":{"line":134,"column":6},"end":{"line":138,"column":9}},"30":{"start":{"line":144,"column":4},"end":{"line":177,"column":5}},"31":{"start":{"line":145,"column":33},"end":{"line":145,"column":43}},"32":{"start":{"line":147,"column":22},"end":{"line":159,"column":8}},"33":{"start":{"line":161,"column":6},"end":{"line":169,"column":9}},"34":{"start":{"line":171,"column":6},"end":{"line":171,"column":68}},"35":{"start":{"line":172,"column":6},"end":{"line":176,"column":9}},"36":{"start":{"line":182,"column":4},"end":{"line":218,"column":5}},"37":{"start":{"line":183,"column":64},"end":{"line":193,"column":8}},"38":{"start":{"line":195,"column":20},"end":{"line":204,"column":8}},"39":{"start":{"line":198,"column":58},"end":{"line":202,"column":10}},"40":{"start":{"line":206,"column":6},"end":{"line":210,"column":9}},"41":{"start":{"line":212,"column":6},"end":{"line":212,"column":56}},"42":{"start":{"line":213,"column":6},"end":{"line":217,"column":9}}},"fnMap":{"0":{"name":"(anonymous_0)","decl":{"start":{"line":8,"column":2},"end":{"line":8,"column":7}},"loc":{"start":{"line":8,"column":49},"end":{"line":68,"column":3}}},"1":{"name":"(anonymous_1)","decl":{"start":{"line":71,"column":2},"end":{"line":71,"column":7}},"loc":{"start":{"line":71,"column":49},"end":{"line":102,"column":3}}},"2":{"name":"(anonymous_2)","decl":{"start":{"line":105,"column":2},"end":{"line":105,"column":7}},"loc":{"start":{"line":105,"column":53},"end":{"line":140,"column":3}}},"3":{"name":"(anonymous_3)","decl":{"start":{"line":118,"column":51},"end":{"line":118,"column":55}},"loc":{"start":{"line":118,"column":60},"end":{"line":125,"column":8}}},"4":{"name":"(anonymous_4)","decl":{"start":{"line":143,"column":2},"end":{"line":143,"column":7}},"loc":{"start":{"line":143,"column":58},"end":{"line":178,"column":3}}},"5":{"name":"(anonymous_5)","decl":{"start":{"line":181,"column":2},"end":{"line":181,"column":7}},"loc":{"start":{"line":181,"column":47},"end":{"line":219,"column":3}}},"6":{"name":"(anonymous_6)","decl":{"start":{"line":198,"column":49},"end":{"line":198,"column":53}},"loc":{"start":{"line":198,"column":58},"end":{"line":202,"column":10}}}},"branchMap":{"0":{"loc":{"start":{"line":10,"column":34},"end":{"line":10,"column":42}},"type":"default-arg","locations":[{"start":{"line":10,"column":41},"end":{"line":10,"column":42}}]},"1":{"loc":{"start":{"line":10,"column":44},"end":{"line":10,"column":54}},"type":"default-arg","locations":[{"start":{"line":10,"column":52},"end":{"line":10,"column":54}}]},"2":{"loc":{"start":{"line":17,"column":6},"end":{"line":21,"column":7}},"type":"if","locations":[{"start":{"line":17,"column":6},"end":{"line":21,"column":7}}]},"3":{"loc":{"start":{"line":24,"column":6},"end":{"line":30,"column":7}},"type":"if","locations":[{"start":{"line":24,"column":6},"end":{"line":30,"column":7}}]},"4":{"loc":{"start":{"line":65,"column":15},"end":{"line":65,"column":73}},"type":"cond-expr","locations":[{"start":{"line":65,"column":56},"end":{"line":65,"column":61}},{"start":{"line":65,"column":64},"end":{"line":65,"column":73}}]},"5":{"loc":{"start":{"line":82,"column":6},"end":{"line":87,"column":7}},"type":"if","locations":[{"start":{"line":82,"column":6},"end":{"line":87,"column":7}}]},"6":{"loc":{"start":{"line":99,"column":15},"end":{"line":99,"column":73}},"type":"cond-expr","locations":[{"start":{"line":99,"column":56},"end":{"line":99,"column":61}},{"start":{"line":99,"column":64},"end":{"line":99,"column":73}}]},"7":{"loc":{"start":{"line":137,"column":15},"end":{"line":137,"column":73}},"type":"cond-expr","locations":[{"start":{"line":137,"column":56},"end":{"line":137,"column":61}},{"start":{"line":137,"column":64},"end":{"line":137,"column":73}}]},"8":{"loc":{"start":{"line":166,"column":22},"end":{"line":166,"column":71}},"type":"cond-expr","locations":[{"start":{"line":166,"column":43},"end":{"line":166,"column":64}},{"start":{"line":166,"column":67},"end":{"line":166,"column":71}}]},"9":{"loc":{"start":{"line":175,"column":15},"end":{"line":175,"column":73}},"type":"cond-expr","locations":[{"start":{"line":175,"column":56},"end":{"line":175,"column":61}},{"start":{"line":175,"column":64},"end":{"line":175,"column":73}}]},"10":{"loc":{"start":{"line":216,"column":15},"end":{"line":216,"column":73}},"type":"cond-expr","locations":[{"start":{"line":216,"column":56},"end":{"line":216,"column":61}},{"start":{"line":216,"column":64},"end":{"line":216,"column":73}}]}},"s":{"0":0,"1":0,"2":0,"3":0,"4":0,"5":0,"6":0,"7":0,"8":0,"9":0,"10":0,"11":0,"12":0,"13":0,"14":0,"15":0,"16":0,"17":0,"18":0,"19":0,"20":0,"21":0,"22":0,"23":0,"24":0,"25":0,"26":0,"27":0,"28":0,"29":0,"30":0,"31":0,"32":0,"33":0,"34":0,"35":0,"36":0,"37":0,"38":0,"39":0,"40":0,"41":0,"42":0},"f":{"0":0,"1":0,"2":0,"3":0,"4":0,"5":0,"6":0},"b":{"0":[0],"1":[0],"2":[0],"3":[0],"4":[0,0],"5":[0],"6":[0,0],"7":[0,0],"8":[0,0],"9":[0,0],"10":[0,0]}}
,"/home/ubuntu/Projects/Health_Care_Management_System/Project-Stages/Project-Stage-2-Automated-CI-CD-Pipeline/src-code/backend/src/middleware/auth.ts": {"path":"/home/ubuntu/Projects/Health_Care_Management_System/Project-Stages/Project-Stage-2-Automated-CI-CD-Pipeline/src-code/backend/src/middleware/auth.ts","statementMap":{"0":{"start":{"line":2,"column":0},"end":{"line":2,"column":55}},"1":{"start":{"line":13,"column":33},"end":{"line":38,"column":1}},"2":{"start":{"line":18,"column":21},"end":{"line":18,"column":46}},"3":{"start":{"line":19,"column":16},"end":{"line":19,"column":54}},"4":{"start":{"line":21,"column":2},"end":{"line":26,"column":3}},"5":{"start":{"line":22,"column":4},"end":{"line":25,"column":7}},"6":{"start":{"line":28,"column":2},"end":{"line":37,"column":3}},"7":{"start":{"line":29,"column":20},"end":{"line":29,"column":38}},"8":{"start":{"line":30,"column":4},"end":{"line":30,"column":23}},"9":{"start":{"line":31,"column":4},"end":{"line":31,"column":11}},"10":{"start":{"line":33,"column":4},"end":{"line":36,"column":7}},"11":{"start":{"line":13,"column":13},"end":{"line":13,"column":33}}},"fnMap":{"0":{"name":"(anonymous_0)","decl":{"start":{"line":13,"column":33},"end":{"line":13,"column":null}},"loc":{"start":{"line":17,"column":4},"end":{"line":38,"column":1}}}},"branchMap":{"0":{"loc":{"start":{"line":19,"column":16},"end":{"line":19,"column":54}},"type":"binary-expr","locations":[{"start":{"line":19,"column":16},"end":{"line":19,"column":26}},{"start":{"line":19,"column":30},"end":{"line":19,"column":54}}]},"1":{"loc":{"start":{"line":21,"column":2},"end":{"line":26,"column":3}},"type":"if","locations":[{"start":{"line":21,"column":2},"end":{"line":26,"column":3}}]}},"s":{"0":0,"1":0,"2":0,"3":0,"4":0,"5":0,"6":0,"7":0,"8":0,"9":0,"10":0,"11":0},"f":{"0":0},"b":{"0":[0,0],"1":[0]}}
,"/home/ubuntu/Projects/Health_Care_Management_System/Project-Stages/Project-Stage-2-Automated-CI-CD-Pipeline/src-code/backend/src/middleware/validation.ts": {"path":"/home/ubuntu/Projects/Health_Care_Management_System/Project-Stages/Project-Stage-2-Automated-CI-CD-Pipeline/src-code/backend/src/middleware/validation.ts","statementMap":{"0":{"start":{"line":4,"column":31},"end":{"line":21,"column":1}},"1":{"start":{"line":5,"column":2},"end":{"line":20,"column":4}},"2":{"start":{"line":6,"column":22},"end":{"line":6,"column":47}},"3":{"start":{"line":8,"column":4},"end":{"line":17,"column":5}},"4":{"start":{"line":9,"column":6},"end":{"line":16,"column":9}},"5":{"start":{"line":12,"column":45},"end":{"line":15,"column":10}},"6":{"start":{"line":19,"column":4},"end":{"line":19,"column":11}},"7":{"start":{"line":4,"column":13},"end":{"line":4,"column":31}}},"fnMap":{"0":{"name":"(anonymous_0)","decl":{"start":{"line":4,"column":31},"end":{"line":4,"column":32}},"loc":{"start":{"line":4,"column":60},"end":{"line":21,"column":1}}},"1":{"name":"(anonymous_1)","decl":{"start":{"line":5,"column":9},"end":{"line":5,"column":10}},"loc":{"start":{"line":5,"column":61},"end":{"line":20,"column":3}}},"2":{"name":"(anonymous_2)","decl":{"start":{"line":12,"column":34},"end":{"line":12,"column":40}},"loc":{"start":{"line":12,"column":45},"end":{"line":15,"column":10}}}},"branchMap":{"0":{"loc":{"start":{"line":8,"column":4},"end":{"line":17,"column":5}},"type":"if","locations":[{"start":{"line":8,"column":4},"end":{"line":17,"column":5}}]}},"s":{"0":0,"1":0,"2":0,"3":0,"4":0,"5":0,"6":0,"7":0},"f":{"0":0,"1":0,"2":0},"b":{"0":[0]}}
,"/home/ubuntu/Projects/Health_Care_Management_System/Project-Stages/Project-Stage-2-Automated-CI-CD-Pipeline/src-code/backend/src/routes/appointmentRoutes.ts": {"path":"/home/ubuntu/Projects/Health_Care_Management_System/Project-Stages/Project-Stage-2-Automated-CI-CD-Pipeline/src-code/backend/src/routes/appointmentRoutes.ts","statementMap":{"0":{"start":{"line":1,"column":0},"end":{"line":1,"column":30}},"1":{"start":{"line":2,"column":0},"end":{"line":2,"column":null}},"2":{"start":{"line":9,"column":0},"end":{"line":9,"column":55}},"3":{"start":{"line":11,"column":15},"end":{"line":11,"column":31}},"4":{"start":{"line":14,"column":0},"end":{"line":14,"column":67}},"5":{"start":{"line":17,"column":0},"end":{"line":17,"column":30}},"6":{"start":{"line":20,"column":0},"end":{"line":20,"column":33}},"7":{"start":{"line":23,"column":0},"end":{"line":23,"column":36}},"8":{"start":{"line":26,"column":0},"end":{"line":26,"column":38}},"9":{"start":{"line":29,"column":0},"end":{"line":29,"column":41}},"10":{"start":{"line":31,"column":0},"end":{"line":31,"column":22}}},"fnMap":{},"branchMap":{},"s":{"0":0,"1":0,"2":0,"3":0,"4":0,"5":0,"6":0,"7":0,"8":0,"9":0,"10":0},"f":{},"b":{}}
,"/home/ubuntu/Projects/Health_Care_Management_System/Project-Stages/Project-Stage-2-Automated-CI-CD-Pipeline/src-code/backend/src/routes/auth.ts": {"path":"/home/ubuntu/Projects/Health_Care_Management_System/Project-Stages/Project-Stage-2-Automated-CI-CD-Pipeline/src-code/backend/src/routes/auth.ts","statementMap":{"0":{"start":{"line":1,"column":0},"end":{"line":1,"column":33}},"1":{"start":{"line":2,"column":0},"end":{"line":2,"column":63}},"2":{"start":{"line":3,"column":0},"end":{"line":3,"column":59}},"3":{"start":{"line":4,"column":0},"end":{"line":4,"column":55}},"4":{"start":{"line":5,"column":0},"end":{"line":5,"column":66}},"5":{"start":{"line":7,"column":15},"end":{"line":7,"column":23}},"6":{"start":{"line":10,"column":0},"end":{"line":10,"column":83}},"7":{"start":{"line":11,"column":0},"end":{"line":11,"column":74}},"8":{"start":{"line":12,"column":0},"end":{"line":12,"column":46}},"9":{"start":{"line":15,"column":0},"end":{"line":15,"column":69}},"10":{"start":{"line":17,"column":0},"end":{"line":17,"column":22}}},"fnMap":{},"branchMap":{},"s":{"0":0,"1":0,"2":0,"3":0,"4":0,"5":0,"6":0,"7":0,"8":0,"9":0,"10":0},"f":{},"b":{}}
,"/home/ubuntu/Projects/Health_Care_Management_System/Project-Stages/Project-Stage-2-Automated-CI-CD-Pipeline/src-code/backend/src/routes/doctors.ts": {"path":"/home/ubuntu/Projects/Health_Care_Management_System/Project-Stages/Project-Stage-2-Automated-CI-CD-Pipeline/src-code/backend/src/routes/doctors.ts","statementMap":{"0":{"start":{"line":1,"column":0},"end":{"line":1,"column":33}},"1":{"start":{"line":2,"column":0},"end":{"line":2,"column":67}},"2":{"start":{"line":4,"column":15},"end":{"line":4,"column":23}},"3":{"start":{"line":7,"column":0},"end":{"line":7,"column":48}},"4":{"start":{"line":8,"column":0},"end":{"line":8,"column":51}},"5":{"start":{"line":9,"column":0},"end":{"line":9,"column":83}},"6":{"start":{"line":10,"column":0},"end":{"line":10,"column":51}},"7":{"start":{"line":13,"column":0},"end":{"line":13,"column":67}},"8":{"start":{"line":15,"column":0},"end":{"line":15,"column":22}}},"fnMap":{},"branchMap":{},"s":{"0":0,"1":0,"2":0,"3":0,"4":0,"5":0,"6":0,"7":0,"8":0},"f":{},"b":{}}
,"/home/ubuntu/Projects/Health_Care_Management_System/Project-Stages/Project-Stage-2-Automated-CI-CD-Pipeline/src-code/backend/src/services/tokenService.ts": {"path":"/home/ubuntu/Projects/Health_Care_Management_System/Project-Stages/Project-Stage-2-Automated-CI-CD-Pipeline/src-code/backend/src/services/tokenService.ts","statementMap":{"0":{"start":{"line":1,"column":0},"end":{"line":1,"column":31}},"1":{"start":{"line":3,"column":19},"end":{"line":3,"column":93}},"2":{"start":{"line":4,"column":23},"end":{"line":4,"column":28}},"3":{"start":{"line":13,"column":29},"end":{"line":15,"column":1}},"4":{"start":{"line":14,"column":2},"end":{"line":14,"column":77}},"5":{"start":{"line":13,"column":13},"end":{"line":13,"column":29}},"6":{"start":{"line":17,"column":27},"end":{"line":19,"column":1}},"7":{"start":{"line":18,"column":2},"end":{"line":18,"column":55}},"8":{"start":{"line":17,"column":13},"end":{"line":17,"column":27}}},"fnMap":{"0":{"name":"(anonymous_1)","decl":{"start":{"line":13,"column":29},"end":{"line":13,"column":30}},"loc":{"start":{"line":13,"column":63},"end":{"line":15,"column":1}}},"1":{"name":"(anonymous_2)","decl":{"start":{"line":17,"column":27},"end":{"line":17,"column":28}},"loc":{"start":{"line":17,"column":59},"end":{"line":19,"column":1}}}},"branchMap":{"0":{"loc":{"start":{"line":3,"column":19},"end":{"line":3,"column":93}},"type":"binary-expr","locations":[{"start":{"line":3,"column":19},"end":{"line":3,"column":41}},{"start":{"line":3,"column":45},"end":{"line":3,"column":93}}]}},"s":{"0":0,"1":0,"2":0,"3":0,"4":0,"5":0,"6":0,"7":0,"8":0},"f":{"0":0,"1":0},"b":{"0":[0,0]}}
,"/home/ubuntu/Projects/Health_Care_Management_System/Project-Stages/Project-Stage-2-Automated-CI-CD-Pipeline/src-code/backend/src/utils/passwordUtils.ts": {"path":"/home/ubuntu/Projects/Health_Care_Management_System/Project-Stages/Project-Stage-2-Automated-CI-CD-Pipeline/src-code/backend/src/utils/passwordUtils.ts","statementMap":{"0":{"start":{"line":1,"column":0},"end":{"line":1,"column":28}},"1":{"start":{"line":3,"column":20},"end":{"line":3,"column":22}},"2":{"start":{"line":5,"column":28},"end":{"line":7,"column":1}},"3":{"start":{"line":6,"column":2},"end":{"line":6,"column":44}},"4":{"start":{"line":5,"column":13},"end":{"line":5,"column":28}},"5":{"start":{"line":9,"column":31},"end":{"line":14,"column":1}},"6":{"start":{"line":13,"column":2},"end":{"line":13,"column":50}},"7":{"start":{"line":9,"column":13},"end":{"line":9,"column":31}}},"fnMap":{"0":{"name":"(anonymous_1)","decl":{"start":{"line":5,"column":28},"end":{"line":5,"column":33}},"loc":{"start":{"line":5,"column":72},"end":{"line":7,"column":1}}},"1":{"name":"(anonymous_2)","decl":{"start":{"line":9,"column":31},"end":{"line":9,"column":36}},"loc":{"start":{"line":12,"column":22},"end":{"line":14,"column":1}}}},"branchMap":{},"s":{"0":0,"1":0,"2":0,"3":0,"4":0,"5":0,"6":0,"7":0},"f":{"0":0,"1":0},"b":{}}
,"/home/ubuntu/Projects/Health_Care_Management_System/Project-Stages/Project-Stage-2-Automated-CI-CD-Pipeline/src-code/backend/src/utils/validators.ts": {"path":"/home/ubuntu/Projects/Health_Care_Management_System/Project-Stages/Project-Stage-2-Automated-CI-CD-Pipeline/src-code/backend/src/utils/validators.ts","statementMap":{"0":{"start":{"line":1,"column":0},"end":{"line":1,"column":22}},"1":{"start":{"line":3,"column":13},"end":{"line":42,"column":3}},"2":{"start":{"line":44,"column":13},"end":{"line":47,"column":3}}},"fnMap":{},"branchMap":{},"s":{"0":0,"1":0,"2":0},"f":{},"b":{}}
}
