TN:
SF:src/controllers/appointmentController.ts
FN:8,(anonymous_0)
FN:64,(anonymous_1)
FN:142,(anonymous_2)
FN:219,(anonymous_3)
FN:275,(anonymous_4)
FN:326,(anonymous_5)
FN:333,(anonymous_6)
FNF:7
FNH:0
FNDA:0,(anonymous_0)
FNDA:0,(anonymous_1)
FNDA:0,(anonymous_2)
FNDA:0,(anonymous_3)
FNDA:0,(anonymous_4)
FNDA:0,(anonymous_5)
FNDA:0,(anonymous_6)
DA:2,0
DA:5,0
DA:8,0
DA:9,0
DA:10,0
DA:11,0
DA:13,0
DA:15,0
DA:19,0
DA:20,0
DA:23,0
DA:42,0
DA:55,0
DA:56,0
DA:64,0
DA:65,0
DA:66,0
DA:67,0
DA:70,0
DA:71,0
DA:78,0
DA:82,0
DA:83,0
DA:90,0
DA:91,0
DA:101,0
DA:102,0
DA:109,0
DA:127,0
DA:133,0
DA:134,0
DA:142,0
DA:143,0
DA:144,0
DA:145,0
DA:146,0
DA:149,0
DA:156,0
DA:157,0
DA:164,0
DA:165,0
DA:166,0
DA:179,0
DA:180,0
DA:187,0
DA:204,0
DA:210,0
DA:211,0
DA:219,0
DA:220,0
DA:221,0
DA:222,0
DA:225,0
DA:232,0
DA:233,0
DA:239,0
DA:240,0
DA:246,0
DA:260,0
DA:266,0
DA:267,0
DA:275,0
DA:276,0
DA:277,0
DA:279,0
DA:280,0
DA:287,0
DA:291,0
DA:292,0
DA:299,0
DA:304,0
DA:305,0
DA:306,0
DA:307,0
DA:308,0
DA:311,0
DA:325,0
DA:327,0
DA:328,0
DA:333,0
DA:339,0
DA:344,0
DA:345,0
LF:83
LH:0
BRDA:11,0,0,0
BRDA:11,1,0,0
BRDA:19,2,0,0
BRDA:19,3,0,0
BRDA:19,3,1,0
BRDA:70,4,0,0
BRDA:70,5,0,0
BRDA:70,5,1,0
BRDA:82,6,0,0
BRDA:101,7,0,0
BRDA:114,8,0,0
BRDA:114,8,1,0
BRDA:156,9,0,0
BRDA:164,10,0,0
BRDA:179,11,0,0
BRDA:190,12,0,0
BRDA:190,12,1,0
BRDA:191,13,0,0
BRDA:191,13,1,0
BRDA:192,14,0,0
BRDA:192,14,1,0
BRDA:193,15,0,0
BRDA:193,15,1,0
BRDA:232,16,0,0
BRDA:239,17,0,0
BRDA:279,18,0,0
BRDA:279,19,0,0
BRDA:279,19,1,0
BRDA:291,20,0,0
BRF:29
BRH:0
end_of_record
TN:
SF:src/controllers/authController.ts
FN:11,(anonymous_0)
FN:83,(anonymous_1)
FN:142,(anonymous_2)
FN:180,(anonymous_3)
FNF:4
FNH:0
FNDA:0,(anonymous_0)
FNDA:0,(anonymous_1)
FNDA:0,(anonymous_2)
FNDA:0,(anonymous_3)
DA:2,0
DA:3,0
DA:4,0
DA:7,0
DA:9,0
DA:12,0
DA:13,0
DA:16,0
DA:25,0
DA:26,0
DA:35,0
DA:38,0
DA:58,0
DA:65,0
DA:74,0
DA:75,0
DA:84,0
DA:85,0
DA:88,0
DA:92,0
DA:93,0
DA:100,0
DA:102,0
DA:103,0
DA:110,0
DA:117,0
DA:133,0
DA:134,0
DA:143,0
DA:144,0
DA:146,0
DA:159,0
DA:160,0
DA:166,0
DA:171,0
DA:172,0
DA:183,0
LF:37
LH:0
BRDA:25,0,0,0
BRDA:28,1,0,0
BRDA:28,1,1,0
BRDA:92,2,0,0
BRDA:92,3,0,0
BRDA:92,3,1,0
BRDA:102,4,0,0
BRDA:159,5,0,0
BRF:8
BRH:0
end_of_record
TN:
SF:src/controllers/doctorController.ts
FN:8,(anonymous_0)
FN:71,(anonymous_1)
FN:105,(anonymous_2)
FN:118,(anonymous_3)
FN:143,(anonymous_4)
FN:181,(anonymous_5)
FN:198,(anonymous_6)
FNF:7
FNH:0
FNDA:0,(anonymous_0)
FNDA:0,(anonymous_1)
FNDA:0,(anonymous_2)
FNDA:0,(anonymous_3)
FNDA:0,(anonymous_4)
FNDA:0,(anonymous_5)
FNDA:0,(anonymous_6)
DA:2,0
DA:4,0
DA:6,0
DA:9,0
DA:10,0
DA:12,0
DA:14,0
DA:17,0
DA:18,0
DA:24,0
DA:25,0
DA:32,0
DA:47,0
DA:61,0
DA:62,0
DA:72,0
DA:73,0
DA:75,0
DA:82,0
DA:83,0
DA:89,0
DA:95,0
DA:96,0
DA:106,0
DA:107,0
DA:118,0
DA:127,0
DA:133,0
DA:134,0
DA:144,0
DA:145,0
DA:147,0
DA:161,0
DA:171,0
DA:172,0
DA:182,0
DA:183,0
DA:195,0
DA:198,0
DA:206,0
DA:212,0
DA:213,0
LF:42
LH:0
BRDA:10,0,0,0
BRDA:10,1,0,0
BRDA:17,2,0,0
BRDA:24,3,0,0
BRDA:65,4,0,0
BRDA:65,4,1,0
BRDA:82,5,0,0
BRDA:99,6,0,0
BRDA:99,6,1,0
BRDA:137,7,0,0
BRDA:137,7,1,0
BRDA:166,8,0,0
BRDA:166,8,1,0
BRDA:175,9,0,0
BRDA:175,9,1,0
BRDA:216,10,0,0
BRDA:216,10,1,0
BRF:17
BRH:0
end_of_record
TN:
SF:src/middleware/auth.ts
FN:13,(anonymous_0)
FNF:1
FNH:0
FNDA:0,(anonymous_0)
DA:2,0
DA:13,0
DA:18,0
DA:19,0
DA:21,0
DA:22,0
DA:28,0
DA:29,0
DA:30,0
DA:31,0
DA:33,0
LF:11
LH:0
BRDA:19,0,0,0
BRDA:19,0,1,0
BRDA:21,1,0,0
BRF:3
BRH:0
end_of_record
TN:
SF:src/middleware/validation.ts
FN:4,(anonymous_0)
FN:5,(anonymous_1)
FN:12,(anonymous_2)
FNF:3
FNH:0
FNDA:0,(anonymous_0)
FNDA:0,(anonymous_1)
FNDA:0,(anonymous_2)
DA:4,0
DA:5,0
DA:6,0
DA:8,0
DA:9,0
DA:12,0
DA:19,0
LF:7
LH:0
BRDA:8,0,0,0
BRF:1
BRH:0
end_of_record
TN:
SF:src/routes/appointmentRoutes.ts
FNF:0
FNH:0
DA:1,0
DA:2,0
DA:9,0
DA:11,0
DA:14,0
DA:17,0
DA:20,0
DA:23,0
DA:26,0
DA:29,0
DA:31,0
LF:11
LH:0
BRF:0
BRH:0
end_of_record
TN:
SF:src/routes/auth.ts
FNF:0
FNH:0
DA:1,0
DA:2,0
DA:3,0
DA:4,0
DA:5,0
DA:7,0
DA:10,0
DA:11,0
DA:12,0
DA:15,0
DA:17,0
LF:11
LH:0
BRF:0
BRH:0
end_of_record
TN:
SF:src/routes/doctors.ts
FNF:0
FNH:0
DA:1,0
DA:2,0
DA:4,0
DA:7,0
DA:8,0
DA:9,0
DA:10,0
DA:13,0
DA:15,0
LF:9
LH:0
BRF:0
BRH:0
end_of_record
TN:
SF:src/services/tokenService.ts
FN:13,(anonymous_1)
FN:17,(anonymous_2)
FNF:2
FNH:0
FNDA:0,(anonymous_1)
FNDA:0,(anonymous_2)
DA:1,0
DA:3,0
DA:4,0
DA:13,0
DA:14,0
DA:17,0
DA:18,0
LF:7
LH:0
BRDA:3,0,0,0
BRDA:3,0,1,0
BRF:2
BRH:0
end_of_record
TN:
SF:src/utils/passwordUtils.ts
FN:5,(anonymous_1)
FN:9,(anonymous_2)
FNF:2
FNH:0
FNDA:0,(anonymous_1)
FNDA:0,(anonymous_2)
DA:1,0
DA:3,0
DA:5,0
DA:6,0
DA:9,0
DA:13,0
LF:6
LH:0
BRF:0
BRH:0
end_of_record
TN:
SF:src/utils/validators.ts
FNF:0
FNH:0
DA:1,0
DA:3,0
DA:44,0
LF:3
LH:0
BRF:0
BRH:0
end_of_record
