<?xml version="1.0" encoding="UTF-8" ?>
<testsuites name="vitest tests" tests="6" failures="0" errors="0" time="3.511">
    <testsuite name="src/App.spec.tsx" timestamp="2025-08-08T17:24:55.971Z" hostname="ip-172-31-7-6" tests="3" failures="0" errors="0" skipped="0" time="0.334">
        <testcase classname="src/App.spec.tsx" name="App Component &gt; renders the app successfully" time="0.163">
        </testcase>
        <testcase classname="src/App.spec.tsx" name="App Component &gt; displays navigation elements" time="0.073">
        </testcase>
        <testcase classname="src/App.spec.tsx" name="App Component &gt; shows authentication buttons" time="0.092">
        </testcase>
    </testsuite>
    <testsuite name="src/App.test.tsx" timestamp="2025-08-08T17:24:55.977Z" hostname="ip-172-31-7-6" tests="3" failures="0" errors="0" skipped="0" time="0.373">
        <testcase classname="src/App.test.tsx" name="App &gt; renders without crashing" time="0.187">
        </testcase>
        <testcase classname="src/App.test.tsx" name="App &gt; has navigation links" time="0.091">
        </testcase>
        <testcase classname="src/App.test.tsx" name="App &gt; shows sign in and sign up buttons" time="0.092">
        </testcase>
    </testsuite>
</testsuites>
