<?xml version="1.0" encoding="UTF-8" ?>
<testsuites name="vitest tests" tests="3" failures="3" errors="0" time="2.157">
    <testsuite name="frontend/src/App.spec.tsx" timestamp="2025-08-08T15:59:11.309Z" hostname="ip-172-31-7-6" tests="3" failures="3" errors="0" skipped="0" time="0.035">
        <testcase classname="frontend/src/App.spec.tsx" name="App Component &gt; renders the app successfully" time="0.025">
            <system-err>
Error: Uncaught [Error: Objects are not valid as a React child (found: object with keys {$$typeof, type, key, props, _owner, _store}). If you meant to render a collection of children, use an array instead.]
    at reportException (/home/ubuntu/Projects/Health_Care_Management_System/Project-Stages/Project-Stage-2-Automated-CI-CD-Pipeline/src-code/node_modules/jsdom/lib/jsdom/living/helpers/runtime-script-errors.js:66:24)
    at innerInvokeEventListeners (/home/ubuntu/Projects/Health_Care_Management_System/Project-Stages/Project-Stage-2-Automated-CI-CD-Pipeline/src-code/node_modules/jsdom/lib/jsdom/living/events/EventTarget-impl.js:353:9)
    at invokeEventListeners (/home/ubuntu/Projects/Health_Care_Management_System/Project-Stages/Project-Stage-2-Automated-CI-CD-Pipeline/src-code/node_modules/jsdom/lib/jsdom/living/events/EventTarget-impl.js:286:3)
    at HTMLUnknownElementImpl._dispatch (/home/ubuntu/Projects/Health_Care_Management_System/Project-Stages/Project-Stage-2-Automated-CI-CD-Pipeline/src-code/node_modules/jsdom/lib/jsdom/living/events/EventTarget-impl.js:233:9)
    at HTMLUnknownElementImpl.dispatchEvent (/home/ubuntu/Projects/Health_Care_Management_System/Project-Stages/Project-Stage-2-Automated-CI-CD-Pipeline/src-code/node_modules/jsdom/lib/jsdom/living/events/EventTarget-impl.js:104:17)
    at HTMLUnknownElement.dispatchEvent (/home/ubuntu/Projects/Health_Care_Management_System/Project-Stages/Project-Stage-2-Automated-CI-CD-Pipeline/src-code/node_modules/jsdom/lib/jsdom/living/generated/EventTarget.js:241:34)
    at Object.invokeGuardedCallbackDev (/home/ubuntu/Projects/Health_Care_Management_System/Project-Stages/Project-Stage-2-Automated-CI-CD-Pipeline/src-code/frontend/node_modules/react-dom/cjs/react-dom.development.js:4213:16)
    at invokeGuardedCallback (/home/ubuntu/Projects/Health_Care_Management_System/Project-Stages/Project-Stage-2-Automated-CI-CD-Pipeline/src-code/frontend/node_modules/react-dom/cjs/react-dom.development.js:4277:31)
    at beginWork$1 (/home/ubuntu/Projects/Health_Care_Management_System/Project-Stages/Project-Stage-2-Automated-CI-CD-Pipeline/src-code/frontend/node_modules/react-dom/cjs/react-dom.development.js:27490:7)
    at performUnitOfWork (/home/ubuntu/Projects/Health_Care_Management_System/Project-Stages/Project-Stage-2-Automated-CI-CD-Pipeline/src-code/frontend/node_modules/react-dom/cjs/react-dom.development.js:26599:12) Error: Objects are not valid as a React child (found: object with keys {$$typeof, type, key, props, _owner, _store}). If you meant to render a collection of children, use an array instead.
    at throwOnInvalidObjectType [90m(/home/ubuntu/Projects/Health_Care_Management_System/Project-Stages/Project-Stage-2-Automated-CI-CD-Pipeline/src-code/[39mfrontend/node_modules/[4mreact-dom[24m/cjs/react-dom.development.js:13123:9[90m)[39m
    at reconcileChildFibers [90m(/home/ubuntu/Projects/Health_Care_Management_System/Project-Stages/Project-Stage-2-Automated-CI-CD-Pipeline/src-code/[39mfrontend/node_modules/[4mreact-dom[24m/cjs/react-dom.development.js:14064:7[90m)[39m
    at reconcileChildren [90m(/home/ubuntu/Projects/Health_Care_Management_System/Project-Stages/Project-Stage-2-Automated-CI-CD-Pipeline/src-code/[39mfrontend/node_modules/[4mreact-dom[24m/cjs/react-dom.development.js:19193:28[90m)[39m
    at updateHostRoot [90m(/home/ubuntu/Projects/Health_Care_Management_System/Project-Stages/Project-Stage-2-Automated-CI-CD-Pipeline/src-code/[39mfrontend/node_modules/[4mreact-dom[24m/cjs/react-dom.development.js:19912:5[90m)[39m
    at beginWork [90m(/home/ubuntu/Projects/Health_Care_Management_System/Project-Stages/Project-Stage-2-Automated-CI-CD-Pipeline/src-code/[39mfrontend/node_modules/[4mreact-dom[24m/cjs/react-dom.development.js:21654:14[90m)[39m
    at HTMLUnknownElement.callCallback [90m(/home/ubuntu/Projects/Health_Care_Management_System/Project-Stages/Project-Stage-2-Automated-CI-CD-Pipeline/src-code/[39mfrontend/node_modules/[4mreact-dom[24m/cjs/react-dom.development.js:4164:14[90m)[39m
    at HTMLUnknownElement.callTheUserObjectsOperation [90m(/home/ubuntu/Projects/Health_Care_Management_System/Project-Stages/Project-Stage-2-Automated-CI-CD-Pipeline/src-code/[39mnode_modules/[4mjsdom[24m/lib/jsdom/living/generated/EventListener.js:26:30[90m)[39m
    at innerInvokeEventListeners [90m(/home/ubuntu/Projects/Health_Care_Management_System/Project-Stages/Project-Stage-2-Automated-CI-CD-Pipeline/src-code/[39mnode_modules/[4mjsdom[24m/lib/jsdom/living/events/EventTarget-impl.js:350:25[90m)[39m
    at invokeEventListeners [90m(/home/ubuntu/Projects/Health_Care_Management_System/Project-Stages/Project-Stage-2-Automated-CI-CD-Pipeline/src-code/[39mnode_modules/[4mjsdom[24m/lib/jsdom/living/events/EventTarget-impl.js:286:3[90m)[39m
    at HTMLUnknownElementImpl._dispatch [90m(/home/ubuntu/Projects/Health_Care_Management_System/Project-Stages/Project-Stage-2-Automated-CI-CD-Pipeline/src-code/[39mnode_modules/[4mjsdom[24m/lib/jsdom/living/events/EventTarget-impl.js:233:9[90m)[39m

            </system-err>
            <failure message="Objects are not valid as a React child (found: object with keys {$$typeof, type, key, props, _owner, _store}). If you meant to render a collection of children, use an array instead." type="Error">
Error: Objects are not valid as a React child (found: object with keys {$$typeof, type, key, props, _owner, _store}). If you meant to render a collection of children, use an array instead.
 ❯ throwOnInvalidObjectType frontend/node_modules/react-dom/cjs/react-dom.development.js:13123:9
 ❯ reconcileChildFibers frontend/node_modules/react-dom/cjs/react-dom.development.js:14064:7
 ❯ reconcileChildren frontend/node_modules/react-dom/cjs/react-dom.development.js:19193:28
 ❯ updateHostRoot frontend/node_modules/react-dom/cjs/react-dom.development.js:19912:5
 ❯ beginWork frontend/node_modules/react-dom/cjs/react-dom.development.js:21654:14
 ❯ beginWork$1 frontend/node_modules/react-dom/cjs/react-dom.development.js:27465:14
 ❯ performUnitOfWork frontend/node_modules/react-dom/cjs/react-dom.development.js:26599:12
 ❯ workLoopSync frontend/node_modules/react-dom/cjs/react-dom.development.js:26505:5
 ❯ renderRootSync frontend/node_modules/react-dom/cjs/react-dom.development.js:26473:7
 ❯ performConcurrentWorkOnRoot frontend/node_modules/react-dom/cjs/react-dom.development.js:25777:74
            </failure>
        </testcase>
        <testcase classname="frontend/src/App.spec.tsx" name="App Component &gt; displays navigation elements" time="0.004">
            <system-err>
Error: Uncaught [Error: Objects are not valid as a React child (found: object with keys {$$typeof, type, key, props, _owner, _store}). If you meant to render a collection of children, use an array instead.]
    at reportException (/home/ubuntu/Projects/Health_Care_Management_System/Project-Stages/Project-Stage-2-Automated-CI-CD-Pipeline/src-code/node_modules/jsdom/lib/jsdom/living/helpers/runtime-script-errors.js:66:24)
    at innerInvokeEventListeners (/home/ubuntu/Projects/Health_Care_Management_System/Project-Stages/Project-Stage-2-Automated-CI-CD-Pipeline/src-code/node_modules/jsdom/lib/jsdom/living/events/EventTarget-impl.js:353:9)
    at invokeEventListeners (/home/ubuntu/Projects/Health_Care_Management_System/Project-Stages/Project-Stage-2-Automated-CI-CD-Pipeline/src-code/node_modules/jsdom/lib/jsdom/living/events/EventTarget-impl.js:286:3)
    at HTMLUnknownElementImpl._dispatch (/home/ubuntu/Projects/Health_Care_Management_System/Project-Stages/Project-Stage-2-Automated-CI-CD-Pipeline/src-code/node_modules/jsdom/lib/jsdom/living/events/EventTarget-impl.js:233:9)
    at HTMLUnknownElementImpl.dispatchEvent (/home/ubuntu/Projects/Health_Care_Management_System/Project-Stages/Project-Stage-2-Automated-CI-CD-Pipeline/src-code/node_modules/jsdom/lib/jsdom/living/events/EventTarget-impl.js:104:17)
    at HTMLUnknownElement.dispatchEvent (/home/ubuntu/Projects/Health_Care_Management_System/Project-Stages/Project-Stage-2-Automated-CI-CD-Pipeline/src-code/node_modules/jsdom/lib/jsdom/living/generated/EventTarget.js:241:34)
    at Object.invokeGuardedCallbackDev (/home/ubuntu/Projects/Health_Care_Management_System/Project-Stages/Project-Stage-2-Automated-CI-CD-Pipeline/src-code/frontend/node_modules/react-dom/cjs/react-dom.development.js:4213:16)
    at invokeGuardedCallback (/home/ubuntu/Projects/Health_Care_Management_System/Project-Stages/Project-Stage-2-Automated-CI-CD-Pipeline/src-code/frontend/node_modules/react-dom/cjs/react-dom.development.js:4277:31)
    at beginWork$1 (/home/ubuntu/Projects/Health_Care_Management_System/Project-Stages/Project-Stage-2-Automated-CI-CD-Pipeline/src-code/frontend/node_modules/react-dom/cjs/react-dom.development.js:27490:7)
    at performUnitOfWork (/home/ubuntu/Projects/Health_Care_Management_System/Project-Stages/Project-Stage-2-Automated-CI-CD-Pipeline/src-code/frontend/node_modules/react-dom/cjs/react-dom.development.js:26599:12) Error: Objects are not valid as a React child (found: object with keys {$$typeof, type, key, props, _owner, _store}). If you meant to render a collection of children, use an array instead.
    at throwOnInvalidObjectType [90m(/home/ubuntu/Projects/Health_Care_Management_System/Project-Stages/Project-Stage-2-Automated-CI-CD-Pipeline/src-code/[39mfrontend/node_modules/[4mreact-dom[24m/cjs/react-dom.development.js:13123:9[90m)[39m
    at reconcileChildFibers [90m(/home/ubuntu/Projects/Health_Care_Management_System/Project-Stages/Project-Stage-2-Automated-CI-CD-Pipeline/src-code/[39mfrontend/node_modules/[4mreact-dom[24m/cjs/react-dom.development.js:14064:7[90m)[39m
    at reconcileChildren [90m(/home/ubuntu/Projects/Health_Care_Management_System/Project-Stages/Project-Stage-2-Automated-CI-CD-Pipeline/src-code/[39mfrontend/node_modules/[4mreact-dom[24m/cjs/react-dom.development.js:19193:28[90m)[39m
    at updateHostRoot [90m(/home/ubuntu/Projects/Health_Care_Management_System/Project-Stages/Project-Stage-2-Automated-CI-CD-Pipeline/src-code/[39mfrontend/node_modules/[4mreact-dom[24m/cjs/react-dom.development.js:19912:5[90m)[39m
    at beginWork [90m(/home/ubuntu/Projects/Health_Care_Management_System/Project-Stages/Project-Stage-2-Automated-CI-CD-Pipeline/src-code/[39mfrontend/node_modules/[4mreact-dom[24m/cjs/react-dom.development.js:21654:14[90m)[39m
    at HTMLUnknownElement.callCallback [90m(/home/ubuntu/Projects/Health_Care_Management_System/Project-Stages/Project-Stage-2-Automated-CI-CD-Pipeline/src-code/[39mfrontend/node_modules/[4mreact-dom[24m/cjs/react-dom.development.js:4164:14[90m)[39m
    at HTMLUnknownElement.callTheUserObjectsOperation [90m(/home/ubuntu/Projects/Health_Care_Management_System/Project-Stages/Project-Stage-2-Automated-CI-CD-Pipeline/src-code/[39mnode_modules/[4mjsdom[24m/lib/jsdom/living/generated/EventListener.js:26:30[90m)[39m
    at innerInvokeEventListeners [90m(/home/ubuntu/Projects/Health_Care_Management_System/Project-Stages/Project-Stage-2-Automated-CI-CD-Pipeline/src-code/[39mnode_modules/[4mjsdom[24m/lib/jsdom/living/events/EventTarget-impl.js:350:25[90m)[39m
    at invokeEventListeners [90m(/home/ubuntu/Projects/Health_Care_Management_System/Project-Stages/Project-Stage-2-Automated-CI-CD-Pipeline/src-code/[39mnode_modules/[4mjsdom[24m/lib/jsdom/living/events/EventTarget-impl.js:286:3[90m)[39m
    at HTMLUnknownElementImpl._dispatch [90m(/home/ubuntu/Projects/Health_Care_Management_System/Project-Stages/Project-Stage-2-Automated-CI-CD-Pipeline/src-code/[39mnode_modules/[4mjsdom[24m/lib/jsdom/living/events/EventTarget-impl.js:233:9[90m)[39m

            </system-err>
            <failure message="Objects are not valid as a React child (found: object with keys {$$typeof, type, key, props, _owner, _store}). If you meant to render a collection of children, use an array instead." type="Error">
Error: Objects are not valid as a React child (found: object with keys {$$typeof, type, key, props, _owner, _store}). If you meant to render a collection of children, use an array instead.
 ❯ throwOnInvalidObjectType frontend/node_modules/react-dom/cjs/react-dom.development.js:13123:9
 ❯ reconcileChildFibers frontend/node_modules/react-dom/cjs/react-dom.development.js:14064:7
 ❯ reconcileChildren frontend/node_modules/react-dom/cjs/react-dom.development.js:19193:28
 ❯ updateHostRoot frontend/node_modules/react-dom/cjs/react-dom.development.js:19912:5
 ❯ beginWork frontend/node_modules/react-dom/cjs/react-dom.development.js:21654:14
 ❯ beginWork$1 frontend/node_modules/react-dom/cjs/react-dom.development.js:27465:14
 ❯ performUnitOfWork frontend/node_modules/react-dom/cjs/react-dom.development.js:26599:12
 ❯ workLoopSync frontend/node_modules/react-dom/cjs/react-dom.development.js:26505:5
 ❯ renderRootSync frontend/node_modules/react-dom/cjs/react-dom.development.js:26473:7
 ❯ performConcurrentWorkOnRoot frontend/node_modules/react-dom/cjs/react-dom.development.js:25777:74
            </failure>
        </testcase>
        <testcase classname="frontend/src/App.spec.tsx" name="App Component &gt; shows authentication buttons" time="0.003">
            <system-err>
Error: Uncaught [Error: Objects are not valid as a React child (found: object with keys {$$typeof, type, key, props, _owner, _store}). If you meant to render a collection of children, use an array instead.]
    at reportException (/home/ubuntu/Projects/Health_Care_Management_System/Project-Stages/Project-Stage-2-Automated-CI-CD-Pipeline/src-code/node_modules/jsdom/lib/jsdom/living/helpers/runtime-script-errors.js:66:24)
    at innerInvokeEventListeners (/home/ubuntu/Projects/Health_Care_Management_System/Project-Stages/Project-Stage-2-Automated-CI-CD-Pipeline/src-code/node_modules/jsdom/lib/jsdom/living/events/EventTarget-impl.js:353:9)
    at invokeEventListeners (/home/ubuntu/Projects/Health_Care_Management_System/Project-Stages/Project-Stage-2-Automated-CI-CD-Pipeline/src-code/node_modules/jsdom/lib/jsdom/living/events/EventTarget-impl.js:286:3)
    at HTMLUnknownElementImpl._dispatch (/home/ubuntu/Projects/Health_Care_Management_System/Project-Stages/Project-Stage-2-Automated-CI-CD-Pipeline/src-code/node_modules/jsdom/lib/jsdom/living/events/EventTarget-impl.js:233:9)
    at HTMLUnknownElementImpl.dispatchEvent (/home/ubuntu/Projects/Health_Care_Management_System/Project-Stages/Project-Stage-2-Automated-CI-CD-Pipeline/src-code/node_modules/jsdom/lib/jsdom/living/events/EventTarget-impl.js:104:17)
    at HTMLUnknownElement.dispatchEvent (/home/ubuntu/Projects/Health_Care_Management_System/Project-Stages/Project-Stage-2-Automated-CI-CD-Pipeline/src-code/node_modules/jsdom/lib/jsdom/living/generated/EventTarget.js:241:34)
    at Object.invokeGuardedCallbackDev (/home/ubuntu/Projects/Health_Care_Management_System/Project-Stages/Project-Stage-2-Automated-CI-CD-Pipeline/src-code/frontend/node_modules/react-dom/cjs/react-dom.development.js:4213:16)
    at invokeGuardedCallback (/home/ubuntu/Projects/Health_Care_Management_System/Project-Stages/Project-Stage-2-Automated-CI-CD-Pipeline/src-code/frontend/node_modules/react-dom/cjs/react-dom.development.js:4277:31)
    at beginWork$1 (/home/ubuntu/Projects/Health_Care_Management_System/Project-Stages/Project-Stage-2-Automated-CI-CD-Pipeline/src-code/frontend/node_modules/react-dom/cjs/react-dom.development.js:27490:7)
    at performUnitOfWork (/home/ubuntu/Projects/Health_Care_Management_System/Project-Stages/Project-Stage-2-Automated-CI-CD-Pipeline/src-code/frontend/node_modules/react-dom/cjs/react-dom.development.js:26599:12) Error: Objects are not valid as a React child (found: object with keys {$$typeof, type, key, props, _owner, _store}). If you meant to render a collection of children, use an array instead.
    at throwOnInvalidObjectType [90m(/home/ubuntu/Projects/Health_Care_Management_System/Project-Stages/Project-Stage-2-Automated-CI-CD-Pipeline/src-code/[39mfrontend/node_modules/[4mreact-dom[24m/cjs/react-dom.development.js:13123:9[90m)[39m
    at reconcileChildFibers [90m(/home/ubuntu/Projects/Health_Care_Management_System/Project-Stages/Project-Stage-2-Automated-CI-CD-Pipeline/src-code/[39mfrontend/node_modules/[4mreact-dom[24m/cjs/react-dom.development.js:14064:7[90m)[39m
    at reconcileChildren [90m(/home/ubuntu/Projects/Health_Care_Management_System/Project-Stages/Project-Stage-2-Automated-CI-CD-Pipeline/src-code/[39mfrontend/node_modules/[4mreact-dom[24m/cjs/react-dom.development.js:19193:28[90m)[39m
    at updateHostRoot [90m(/home/ubuntu/Projects/Health_Care_Management_System/Project-Stages/Project-Stage-2-Automated-CI-CD-Pipeline/src-code/[39mfrontend/node_modules/[4mreact-dom[24m/cjs/react-dom.development.js:19912:5[90m)[39m
    at beginWork [90m(/home/ubuntu/Projects/Health_Care_Management_System/Project-Stages/Project-Stage-2-Automated-CI-CD-Pipeline/src-code/[39mfrontend/node_modules/[4mreact-dom[24m/cjs/react-dom.development.js:21654:14[90m)[39m
    at HTMLUnknownElement.callCallback [90m(/home/ubuntu/Projects/Health_Care_Management_System/Project-Stages/Project-Stage-2-Automated-CI-CD-Pipeline/src-code/[39mfrontend/node_modules/[4mreact-dom[24m/cjs/react-dom.development.js:4164:14[90m)[39m
    at HTMLUnknownElement.callTheUserObjectsOperation [90m(/home/ubuntu/Projects/Health_Care_Management_System/Project-Stages/Project-Stage-2-Automated-CI-CD-Pipeline/src-code/[39mnode_modules/[4mjsdom[24m/lib/jsdom/living/generated/EventListener.js:26:30[90m)[39m
    at innerInvokeEventListeners [90m(/home/ubuntu/Projects/Health_Care_Management_System/Project-Stages/Project-Stage-2-Automated-CI-CD-Pipeline/src-code/[39mnode_modules/[4mjsdom[24m/lib/jsdom/living/events/EventTarget-impl.js:350:25[90m)[39m
    at invokeEventListeners [90m(/home/ubuntu/Projects/Health_Care_Management_System/Project-Stages/Project-Stage-2-Automated-CI-CD-Pipeline/src-code/[39mnode_modules/[4mjsdom[24m/lib/jsdom/living/events/EventTarget-impl.js:286:3[90m)[39m
    at HTMLUnknownElementImpl._dispatch [90m(/home/ubuntu/Projects/Health_Care_Management_System/Project-Stages/Project-Stage-2-Automated-CI-CD-Pipeline/src-code/[39mnode_modules/[4mjsdom[24m/lib/jsdom/living/events/EventTarget-impl.js:233:9[90m)[39m

            </system-err>
            <failure message="Objects are not valid as a React child (found: object with keys {$$typeof, type, key, props, _owner, _store}). If you meant to render a collection of children, use an array instead." type="Error">
Error: Objects are not valid as a React child (found: object with keys {$$typeof, type, key, props, _owner, _store}). If you meant to render a collection of children, use an array instead.
 ❯ throwOnInvalidObjectType frontend/node_modules/react-dom/cjs/react-dom.development.js:13123:9
 ❯ reconcileChildFibers frontend/node_modules/react-dom/cjs/react-dom.development.js:14064:7
 ❯ reconcileChildren frontend/node_modules/react-dom/cjs/react-dom.development.js:19193:28
 ❯ updateHostRoot frontend/node_modules/react-dom/cjs/react-dom.development.js:19912:5
 ❯ beginWork frontend/node_modules/react-dom/cjs/react-dom.development.js:21654:14
 ❯ beginWork$1 frontend/node_modules/react-dom/cjs/react-dom.development.js:27465:14
 ❯ performUnitOfWork frontend/node_modules/react-dom/cjs/react-dom.development.js:26599:12
 ❯ workLoopSync frontend/node_modules/react-dom/cjs/react-dom.development.js:26505:5
 ❯ renderRootSync frontend/node_modules/react-dom/cjs/react-dom.development.js:26473:7
 ❯ performConcurrentWorkOnRoot frontend/node_modules/react-dom/cjs/react-dom.development.js:25777:74
            </failure>
        </testcase>
    </testsuite>
</testsuites>
