<?xml version="1.0" encoding="UTF-8" ?>
<testsuites name="vitest tests" tests="1" failures="1" errors="0" time="1.108">
    <testsuite name="frontend/src/App.spec.tsx" timestamp="2025-08-08T15:35:59.126Z" hostname="ip-172-31-7-6" tests="1" failures="1" errors="0" skipped="0" time="0">
        <testcase classname="frontend/src/App.spec.tsx" name="frontend/src/App.spec.tsx" time="0">
            <failure message="Failed to load url /home/ubuntu/Projects/Health_Care_Management_System/Project-Stages/Project-Stage-2-Automated-CI-CD-Pipeline/src-code/&lt;rootDir&gt;/src/test/setup.ts (resolved id: /home/ubuntu/Projects/Health_Care_Management_System/Project-Stages/Project-Stage-2-Automated-CI-CD-Pipeline/src-code/&lt;rootDir&gt;/src/test/setup.ts). Does the file exist?" type="Error">
Error: Failed to load url /home/ubuntu/Projects/Health_Care_Management_System/Project-Stages/Project-Stage-2-Automated-CI-CD-Pipeline/src-code/&lt;rootDir&gt;/src/test/setup.ts (resolved id: /home/ubuntu/Projects/Health_Care_Management_System/Project-Stages/Project-Stage-2-Automated-CI-CD-Pipeline/src-code/&lt;rootDir&gt;/src/test/setup.ts). Does the file exist?
 ❯ loadAndTransform node_modules/vite/dist/node/chunks/dep-C6uTJdX2.js:51968:17
            </failure>
        </testcase>
    </testsuite>
</testsuites>
